<?xml version="1.0" encoding="UTF-8"?>
<coverage generated="1624379558253" clover="3.2.0">
  <project timestamp="1624379558254" name="All files">
    <metrics statements="46" coveredstatements="43" conditionals="28" coveredconditionals="25" methods="8" coveredmethods="8" elements="82" coveredelements="76" complexity="0" loc="46" ncloc="46" packages="1" files="3" classes="3"/>
    <file name="arrayDifference.js" path="/Users/gregorywilliamryan/Documents/MacSideCode/NodeApps/JSCodeChallenge/arrayDifference.js">
      <metrics statements="3" coveredstatements="3" conditionals="0" coveredconditionals="0" methods="2" coveredmethods="2"/>
      <line num="1" count="1" type="stmt"/>
      <line num="2" count="10" type="stmt"/>
      <line num="5" count="1" type="stmt"/>
    </file>
    <file name="dataReverse.js" path="/Users/gregorywilliamryan/Documents/MacSideCode/NodeApps/JSCodeChallenge/dataReverse.js">
      <metrics statements="11" coveredstatements="11" conditionals="10" coveredconditionals="10" methods="1" coveredmethods="1"/>
      <line num="15" count="9" type="cond" truecount="2" falsecount="0"/>
      <line num="16" count="1" type="stmt"/>
      <line num="18" count="8" type="cond" truecount="2" falsecount="0"/>
      <line num="20" count="5" type="cond" truecount="4" falsecount="0"/>
      <line num="22" count="2" type="stmt"/>
      <line num="23" count="2" type="stmt"/>
      <line num="24" count="6" type="stmt"/>
      <line num="27" count="2" type="stmt"/>
      <line num="28" count="2" type="stmt"/>
      <line num="30" count="2" type="cond" truecount="2" falsecount="0"/>
      <line num="35" count="1" type="stmt"/>
    </file>
    <file name="decomposeSquare.js" path="/Users/gregorywilliamryan/Documents/MacSideCode/NodeApps/JSCodeChallenge/decomposeSquare.js">
      <metrics statements="32" coveredstatements="29" conditionals="18" coveredconditionals="15" methods="5" coveredmethods="5"/>
      <line num="10" count="1" type="stmt"/>
      <line num="13" count="1" type="cond" truecount="1" falsecount="1"/>
      <line num="15" count="1" type="stmt"/>
      <line num="17" count="4" type="cond" truecount="1" falsecount="1"/>
      <line num="18" count="1" type="stmt"/>
      <line num="22" count="6" type="cond" truecount="2" falsecount="0"/>
      <line num="24" count="5" type="stmt"/>
      <line num="26" count="5" type="cond" truecount="2" falsecount="0"/>
      <line num="27" count="1" type="stmt"/>
      <line num="29" count="4" type="stmt"/>
      <line num="30" count="4" type="stmt"/>
      <line num="35" count="5" type="cond" truecount="2" falsecount="0"/>
      <line num="36" count="4" type="cond" truecount="2" falsecount="0"/>
      <line num="37" count="1" type="stmt"/>
      <line num="39" count="3" type="stmt"/>
      <line num="40" count="3" type="stmt"/>
      <line num="41" count="4" type="stmt"/>
      <line num="42" count="4" type="cond" truecount="2" falsecount="0"/>
      <line num="43" count="3" type="stmt"/>
      <line num="44" count="35" type="stmt"/>
      <line num="46" count="3" type="cond" truecount="1" falsecount="1"/>
      <line num="47" count="0" type="stmt"/>
      <line num="49" count="3" type="stmt"/>
      <line num="52" count="0" type="stmt"/>
      <line num="53" count="0" type="stmt"/>
      <line num="59" count="11" type="cond" truecount="2" falsecount="0"/>
      <line num="60" count="2" type="stmt"/>
      <line num="62" count="9" type="stmt"/>
      <line num="65" count="1" type="stmt"/>
      <line num="67" count="1" type="stmt"/>
      <line num="68" count="1" type="stmt"/>
      <line num="69" count="1" type="stmt"/>
    </file>
  </project>
</coverage>
