{"/Users/gregorywilliamryan/Documents/MacSideCode/NodeApps/JSCodeChallenge/arrayDifference.js": {"path":"/Users/gregorywilliamryan/Documents/MacSideCode/NodeApps/JSCodeChallenge/arrayDifference.js","statementMap":{"0":{"start":{"line":1,"column":18},"end":{"line":3,"column":1}},"1":{"start":{"line":2,"column":4},"end":{"line":2,"column":55}},"2":{"start":{"line":2,"column":33},"end":{"line":2,"column":53}},"3":{"start":{"line":5,"column":0},"end":{"line":5,"column":27}}},"fnMap":{"0":{"name":"(anonymous_0)","decl":{"start":{"line":1,"column":18},"end":{"line":1,"column":19}},"loc":{"start":{"line":1,"column":34},"end":{"line":3,"column":1}},"line":1},"1":{"name":"(anonymous_1)","decl":{"start":{"line":2,"column":20},"end":{"line":2,"column":21}},"loc":{"start":{"line":2,"column":33},"end":{"line":2,"column":53}},"line":2}},"branchMap":{},"s":{"0":1,"1":3,"2":10,"3":1},"f":{"0":3,"1":10},"b":{},"_coverageSchema":"1a1c01bbd47fc00a2c39e90264f33305004495a9","hash":"819e4bbb0c504358611035c8d52e4edac17e9b83"}
,"/Users/gregorywilliamryan/Documents/MacSideCode/NodeApps/JSCodeChallenge/dataReverse.js": {"path":"/Users/gregorywilliamryan/Documents/MacSideCode/NodeApps/JSCodeChallenge/dataReverse.js","statementMap":{"0":{"start":{"line":15,"column":4},"end":{"line":16,"column":60}},"1":{"start":{"line":16,"column":8},"end":{"line":16,"column":60}},"2":{"start":{"line":18,"column":4},"end":{"line":18,"column":38}},"3":{"start":{"line":18,"column":26},"end":{"line":18,"column":38}},"4":{"start":{"line":20,"column":4},"end":{"line":20,"column":95}},"5":{"start":{"line":20,"column":49},"end":{"line":20,"column":95}},"6":{"start":{"line":22,"column":20},"end":{"line":22,"column":22}},"7":{"start":{"line":23,"column":4},"end":{"line":25,"column":5}},"8":{"start":{"line":23,"column":16},"end":{"line":23,"column":17}},"9":{"start":{"line":24,"column":8},"end":{"line":24,"column":45}},"10":{"start":{"line":27,"column":4},"end":{"line":27,"column":24}},"11":{"start":{"line":28,"column":21},"end":{"line":28,"column":38}},"12":{"start":{"line":30,"column":4},"end":{"line":31,"column":74}},"13":{"start":{"line":35,"column":0},"end":{"line":35,"column":29}}},"fnMap":{"0":{"name":"dataReverse","decl":{"start":{"line":13,"column":9},"end":{"line":13,"column":20}},"loc":{"start":{"line":13,"column":26},"end":{"line":32,"column":1}},"line":13}},"branchMap":{"0":{"loc":{"start":{"line":15,"column":4},"end":{"line":16,"column":60}},"type":"if","locations":[{"start":{"line":15,"column":4},"end":{"line":16,"column":60}},{"start":{"line":15,"column":4},"end":{"line":16,"column":60}}],"line":15},"1":{"loc":{"start":{"line":18,"column":4},"end":{"line":18,"column":38}},"type":"if","locations":[{"start":{"line":18,"column":4},"end":{"line":18,"column":38}},{"start":{"line":18,"column":4},"end":{"line":18,"column":38}}],"line":18},"2":{"loc":{"start":{"line":20,"column":4},"end":{"line":20,"column":95}},"type":"if","locations":[{"start":{"line":20,"column":4},"end":{"line":20,"column":95}},{"start":{"line":20,"column":4},"end":{"line":20,"column":95}}],"line":20},"3":{"loc":{"start":{"line":20,"column":7},"end":{"line":20,"column":47}},"type":"binary-expr","locations":[{"start":{"line":20,"column":7},"end":{"line":20,"column":22}},{"start":{"line":20,"column":26},"end":{"line":20,"column":47}}],"line":20},"4":{"loc":{"start":{"line":30,"column":11},"end":{"line":31,"column":73}},"type":"cond-expr","locations":[{"start":{"line":31,"column":8},"end":{"line":31,"column":39}},{"start":{"line":31,"column":42},"end":{"line":31,"column":73}}],"line":30}},"s":{"0":9,"1":1,"2":8,"3":1,"4":5,"5":3,"6":2,"7":2,"8":2,"9":6,"10":2,"11":2,"12":2,"13":1},"f":{"0":9},"b":{"0":[1,8],"1":[1,5],"2":[3,2],"3":[5,4],"4":[1,1]},"_coverageSchema":"1a1c01bbd47fc00a2c39e90264f33305004495a9","hash":"9d419e2dccdb6812f2e3479a77290f932ebdccb4"}
,"/Users/gregorywilliamryan/Documents/MacSideCode/NodeApps/JSCodeChallenge/decomposeSquare.js": {"path":"/Users/gregorywilliamryan/Documents/MacSideCode/NodeApps/JSCodeChallenge/decomposeSquare.js","statementMap":{"0":{"start":{"line":10,"column":24},"end":{"line":10,"column":76}},"1":{"start":{"line":13,"column":4},"end":{"line":13,"column":23}},"2":{"start":{"line":13,"column":11},"end":{"line":13,"column":23}},"3":{"start":{"line":15,"column":19},"end":{"line":15,"column":56}},"4":{"start":{"line":17,"column":4},"end":{"line":18,"column":25}},"5":{"start":{"line":17,"column":26},"end":{"line":17,"column":32}},"6":{"start":{"line":17,"column":35},"end":{"line":17,"column":47}},"7":{"start":{"line":18,"column":9},"end":{"line":18,"column":25}},"8":{"start":{"line":22,"column":4},"end":{"line":22,"column":41}},"9":{"start":{"line":22,"column":24},"end":{"line":22,"column":41}},"10":{"start":{"line":24,"column":4},"end":{"line":24,"column":61}},"11":{"start":{"line":26,"column":4},"end":{"line":27,"column":102}},"12":{"start":{"line":27,"column":8},"end":{"line":27,"column":102}},"13":{"start":{"line":29,"column":4},"end":{"line":29,"column":35}},"14":{"start":{"line":30,"column":4},"end":{"line":30,"column":115}},"15":{"start":{"line":35,"column":4},"end":{"line":35,"column":37}},"16":{"start":{"line":35,"column":24},"end":{"line":35,"column":37}},"17":{"start":{"line":36,"column":4},"end":{"line":37,"column":20}},"18":{"start":{"line":37,"column":8},"end":{"line":37,"column":20}},"19":{"start":{"line":39,"column":20},"end":{"line":39,"column":64}},"20":{"start":{"line":40,"column":4},"end":{"line":50,"column":5}},"21":{"start":{"line":40,"column":16},"end":{"line":40,"column":25}},"22":{"start":{"line":41,"column":28},"end":{"line":41,"column":37}},"23":{"start":{"line":42,"column":8},"end":{"line":42,"column":62}},"24":{"start":{"line":42,"column":53},"end":{"line":42,"column":62}},"25":{"start":{"line":43,"column":8},"end":{"line":45,"column":9}},"26":{"start":{"line":43,"column":20},"end":{"line":43,"column":21}},"27":{"start":{"line":44,"column":12},"end":{"line":44,"column":35}},"28":{"start":{"line":46,"column":8},"end":{"line":49,"column":25}},"29":{"start":{"line":47,"column":12},"end":{"line":47,"column":21}},"30":{"start":{"line":49,"column":12},"end":{"line":49,"column":25}},"31":{"start":{"line":52,"column":4},"end":{"line":52,"column":37}},"32":{"start":{"line":53,"column":4},"end":{"line":53,"column":16}},"33":{"start":{"line":59,"column":4},"end":{"line":60,"column":38}},"34":{"start":{"line":60,"column":8},"end":{"line":60,"column":38}},"35":{"start":{"line":62,"column":4},"end":{"line":62,"column":54}},"36":{"start":{"line":65,"column":0},"end":{"line":65,"column":28}},"37":{"start":{"line":67,"column":0},"end":{"line":67,"column":42}},"38":{"start":{"line":68,"column":0},"end":{"line":68,"column":32}},"39":{"start":{"line":69,"column":0},"end":{"line":69,"column":30}}},"fnMap":{"0":{"name":"decompose","decl":{"start":{"line":12,"column":9},"end":{"line":12,"column":18}},"loc":{"start":{"line":12,"column":21},"end":{"line":19,"column":1}},"line":12},"1":{"name":"(anonymous_1)","decl":{"start":{"line":17,"column":21},"end":{"line":17,"column":22}},"loc":{"start":{"line":17,"column":26},"end":{"line":17,"column":32}},"line":17},"2":{"name":"buildArray","decl":{"start":{"line":21,"column":9},"end":{"line":21,"column":19}},"loc":{"start":{"line":21,"column":54},"end":{"line":32,"column":1}},"line":21},"3":{"name":"isDeadEnd","decl":{"start":{"line":34,"column":9},"end":{"line":34,"column":18}},"loc":{"start":{"line":34,"column":42},"end":{"line":54,"column":1}},"line":34},"4":{"name":"nextLowestValidDigit","decl":{"start":{"line":58,"column":9},"end":{"line":58,"column":29}},"loc":{"start":{"line":58,"column":67},"end":{"line":63,"column":1}},"line":58}},"branchMap":{"0":{"loc":{"start":{"line":13,"column":4},"end":{"line":13,"column":23}},"type":"if","locations":[{"start":{"line":13,"column":4},"end":{"line":13,"column":23}},{"start":{"line":13,"column":4},"end":{"line":13,"column":23}}],"line":13},"1":{"loc":{"start":{"line":17,"column":4},"end":{"line":18,"column":25}},"type":"if","locations":[{"start":{"line":17,"column":4},"end":{"line":18,"column":25}},{"start":{"line":17,"column":4},"end":{"line":18,"column":25}}],"line":17},"2":{"loc":{"start":{"line":22,"column":4},"end":{"line":22,"column":41}},"type":"if","locations":[{"start":{"line":22,"column":4},"end":{"line":22,"column":41}},{"start":{"line":22,"column":4},"end":{"line":22,"column":41}}],"line":22},"3":{"loc":{"start":{"line":26,"column":4},"end":{"line":27,"column":102}},"type":"if","locations":[{"start":{"line":26,"column":4},"end":{"line":27,"column":102}},{"start":{"line":26,"column":4},"end":{"line":27,"column":102}}],"line":26},"4":{"loc":{"start":{"line":35,"column":4},"end":{"line":35,"column":37}},"type":"if","locations":[{"start":{"line":35,"column":4},"end":{"line":35,"column":37}},{"start":{"line":35,"column":4},"end":{"line":35,"column":37}}],"line":35},"5":{"loc":{"start":{"line":36,"column":4},"end":{"line":37,"column":20}},"type":"if","locations":[{"start":{"line":36,"column":4},"end":{"line":37,"column":20}},{"start":{"line":36,"column":4},"end":{"line":37,"column":20}}],"line":36},"6":{"loc":{"start":{"line":42,"column":8},"end":{"line":42,"column":62}},"type":"if","locations":[{"start":{"line":42,"column":8},"end":{"line":42,"column":62}},{"start":{"line":42,"column":8},"end":{"line":42,"column":62}}],"line":42},"7":{"loc":{"start":{"line":46,"column":8},"end":{"line":49,"column":25}},"type":"if","locations":[{"start":{"line":46,"column":8},"end":{"line":49,"column":25}},{"start":{"line":46,"column":8},"end":{"line":49,"column":25}}],"line":46},"8":{"loc":{"start":{"line":59,"column":4},"end":{"line":60,"column":38}},"type":"if","locations":[{"start":{"line":59,"column":4},"end":{"line":60,"column":38}},{"start":{"line":59,"column":4},"end":{"line":60,"column":38}}],"line":59}},"s":{"0":1,"1":1,"2":0,"3":1,"4":1,"5":4,"6":0,"7":1,"8":6,"9":1,"10":5,"11":5,"12":1,"13":4,"14":4,"15":5,"16":1,"17":4,"18":1,"19":3,"20":3,"21":3,"22":4,"23":4,"24":1,"25":3,"26":3,"27":35,"28":3,"29":0,"30":3,"31":0,"32":0,"33":11,"34":2,"35":9,"36":1,"37":1,"38":1,"39":1},"f":{"0":1,"1":4,"2":6,"3":5,"4":11},"b":{"0":[0,1],"1":[0,1],"2":[1,5],"3":[1,4],"4":[1,4],"5":[1,3],"6":[1,3],"7":[0,3],"8":[2,9]},"_coverageSchema":"1a1c01bbd47fc00a2c39e90264f33305004495a9","hash":"df0c9ba0b12db0ad32c5d1f25bd4111963a9b42b"}
}
