{"/Users/gregorywilliamryan/Documents/MacSideCode/NodeApps/JSCodeChallenge/arrayDifference.js": {"path":"/Users/gregorywilliamryan/Documents/MacSideCode/NodeApps/JSCodeChallenge/arrayDifference.js","statementMap":{"0":{"start":{"line":1,"column":18},"end":{"line":3,"column":1}},"1":{"start":{"line":2,"column":4},"end":{"line":2,"column":55}},"2":{"start":{"line":2,"column":33},"end":{"line":2,"column":53}},"3":{"start":{"line":5,"column":0},"end":{"line":5,"column":27}}},"fnMap":{"0":{"name":"(anonymous_0)","decl":{"start":{"line":1,"column":18},"end":{"line":1,"column":19}},"loc":{"start":{"line":1,"column":34},"end":{"line":3,"column":1}},"line":1},"1":{"name":"(anonymous_1)","decl":{"start":{"line":2,"column":20},"end":{"line":2,"column":21}},"loc":{"start":{"line":2,"column":33},"end":{"line":2,"column":53}},"line":2}},"branchMap":{},"s":{"0":1,"1":3,"2":10,"3":1},"f":{"0":3,"1":10},"b":{},"_coverageSchema":"1a1c01bbd47fc00a2c39e90264f33305004495a9","hash":"819e4bbb0c504358611035c8d52e4edac17e9b83"}
,"/Users/gregorywilliamryan/Documents/MacSideCode/NodeApps/JSCodeChallenge/decomposeSquare.js": {"path":"/Users/gregorywilliamryan/Documents/MacSideCode/NodeApps/JSCodeChallenge/decomposeSquare.js","statementMap":{"0":{"start":{"line":2,"column":20},"end":{"line":2,"column":34}},"1":{"start":{"line":3,"column":22},"end":{"line":3,"column":24}},"2":{"start":{"line":4,"column":22},"end":{"line":4,"column":27}},"3":{"start":{"line":6,"column":4},"end":{"line":13,"column":5}},"4":{"start":{"line":7,"column":8},"end":{"line":10,"column":9}},"5":{"start":{"line":8,"column":12},"end":{"line":8,"column":45}},"6":{"start":{"line":9,"column":12},"end":{"line":9,"column":50}},"7":{"start":{"line":12,"column":8},"end":{"line":12,"column":54}},"8":{"start":{"line":18,"column":4},"end":{"line":18,"column":41}},"9":{"start":{"line":18,"column":24},"end":{"line":18,"column":41}},"10":{"start":{"line":20,"column":4},"end":{"line":20,"column":29}},"11":{"start":{"line":21,"column":4},"end":{"line":21,"column":36}},"12":{"start":{"line":22,"column":4},"end":{"line":22,"column":44}},"13":{"start":{"line":28,"column":4},"end":{"line":29,"column":21}},"14":{"start":{"line":29,"column":8},"end":{"line":29,"column":21}},"15":{"start":{"line":31,"column":4},"end":{"line":31,"column":16}},"16":{"start":{"line":35,"column":4},"end":{"line":36,"column":20}},"17":{"start":{"line":35,"column":21},"end":{"line":35,"column":27}},"18":{"start":{"line":36,"column":8},"end":{"line":36,"column":20}},"19":{"start":{"line":38,"column":4},"end":{"line":38,"column":17}},"20":{"start":{"line":43,"column":19},"end":{"line":43,"column":21}},"21":{"start":{"line":44,"column":4},"end":{"line":47,"column":5}},"22":{"start":{"line":45,"column":8},"end":{"line":45,"column":54}},"23":{"start":{"line":45,"column":42},"end":{"line":45,"column":54}},"24":{"start":{"line":46,"column":8},"end":{"line":46,"column":34}},"25":{"start":{"line":48,"column":4},"end":{"line":48,"column":17}},"26":{"start":{"line":53,"column":4},"end":{"line":53,"column":54}},"27":{"start":{"line":59,"column":0},"end":{"line":59,"column":38}},"28":{"start":{"line":60,"column":0},"end":{"line":60,"column":42}}},"fnMap":{"0":{"name":"decompose","decl":{"start":{"line":1,"column":9},"end":{"line":1,"column":18}},"loc":{"start":{"line":1,"column":21},"end":{"line":14,"column":1}},"line":1},"1":{"name":"generateSolution","decl":{"start":{"line":17,"column":9},"end":{"line":17,"column":25}},"loc":{"start":{"line":17,"column":54},"end":{"line":24,"column":1}},"line":17},"2":{"name":"validSequence","decl":{"start":{"line":27,"column":9},"end":{"line":27,"column":22}},"loc":{"start":{"line":27,"column":27},"end":{"line":32,"column":1}},"line":27},"3":{"name":"hasInvalidDigit","decl":{"start":{"line":34,"column":9},"end":{"line":34,"column":24}},"loc":{"start":{"line":34,"column":29},"end":{"line":39,"column":1}},"line":34},"4":{"name":"(anonymous_4)","decl":{"start":{"line":35,"column":16},"end":{"line":35,"column":17}},"loc":{"start":{"line":35,"column":21},"end":{"line":35,"column":27}},"line":35},"5":{"name":"containsRepeats","decl":{"start":{"line":42,"column":9},"end":{"line":42,"column":24}},"loc":{"start":{"line":42,"column":29},"end":{"line":49,"column":1}},"line":42},"6":{"name":"nextLowestValidDigit","decl":{"start":{"line":52,"column":9},"end":{"line":52,"column":29}},"loc":{"start":{"line":52,"column":47},"end":{"line":54,"column":1}},"line":52}},"branchMap":{"0":{"loc":{"start":{"line":7,"column":8},"end":{"line":10,"column":9}},"type":"if","locations":[{"start":{"line":7,"column":8},"end":{"line":10,"column":9}},{"start":{"line":7,"column":8},"end":{"line":10,"column":9}}],"line":7},"1":{"loc":{"start":{"line":18,"column":4},"end":{"line":18,"column":41}},"type":"if","locations":[{"start":{"line":18,"column":4},"end":{"line":18,"column":41}},{"start":{"line":18,"column":4},"end":{"line":18,"column":41}}],"line":18},"2":{"loc":{"start":{"line":28,"column":4},"end":{"line":29,"column":21}},"type":"if","locations":[{"start":{"line":28,"column":4},"end":{"line":29,"column":21}},{"start":{"line":28,"column":4},"end":{"line":29,"column":21}}],"line":28},"3":{"loc":{"start":{"line":28,"column":7},"end":{"line":28,"column":51}},"type":"binary-expr","locations":[{"start":{"line":28,"column":7},"end":{"line":28,"column":27}},{"start":{"line":28,"column":31},"end":{"line":28,"column":51}}],"line":28},"4":{"loc":{"start":{"line":35,"column":4},"end":{"line":36,"column":20}},"type":"if","locations":[{"start":{"line":35,"column":4},"end":{"line":36,"column":20}},{"start":{"line":35,"column":4},"end":{"line":36,"column":20}}],"line":35},"5":{"loc":{"start":{"line":45,"column":8},"end":{"line":45,"column":54}},"type":"if","locations":[{"start":{"line":45,"column":8},"end":{"line":45,"column":54}},{"start":{"line":45,"column":8},"end":{"line":45,"column":54}}],"line":45}},"s":{"0":0,"1":0,"2":0,"3":0,"4":0,"5":0,"6":0,"7":0,"8":0,"9":0,"10":0,"11":0,"12":0,"13":3,"14":3,"15":0,"16":3,"17":11,"18":2,"19":1,"20":1,"21":1,"22":3,"23":1,"24":2,"25":0,"26":2,"27":1,"28":1},"f":{"0":0,"1":0,"2":3,"3":3,"4":11,"5":1,"6":2},"b":{"0":[0,0],"1":[0,0],"2":[3,0],"3":[3,1],"4":[2,1],"5":[1,2]},"_coverageSchema":"1a1c01bbd47fc00a2c39e90264f33305004495a9","hash":"fa8a09eb56fcd1ce444ec5263e6dd0450eaf0a7b"}
}
