TN:
SF:arrayDifference.js
FN:1,(anonymous_0)
FN:2,(anonymous_1)
FNF:2
FNH:2
FNDA:3,(anonymous_0)
FNDA:10,(anonymous_1)
DA:1,1
DA:2,10
DA:5,1
LF:3
LH:3
BRF:0
BRH:0
end_of_record
TN:
SF:dataReverse.js
FN:13,dataReverse
FNF:1
FNH:1
FNDA:9,dataReverse
DA:15,9
DA:16,1
DA:18,8
DA:20,5
DA:22,2
DA:23,2
DA:24,6
DA:27,2
DA:28,2
DA:30,2
DA:35,1
LF:11
LH:11
BRDA:15,0,0,1
BRDA:15,0,1,8
BRDA:18,1,0,1
BRDA:18,1,1,5
BRDA:20,2,0,3
BRDA:20,2,1,2
BRDA:20,3,0,5
BRDA:20,3,1,4
BRDA:30,4,0,1
BRDA:30,4,1,1
BRF:10
BRH:10
end_of_record
TN:
SF:decomposeSquare.js
FN:12,decompose
FN:17,(anonymous_1)
FN:21,buildArray
FN:34,isDeadEnd
FN:58,nextLowestValidDigit
FNF:5
FNH:5
FNDA:1,decompose
FNDA:4,(anonymous_1)
FNDA:6,buildArray
FNDA:5,isDeadEnd
FNDA:11,nextLowestValidDigit
DA:10,1
DA:13,1
DA:15,1
DA:17,4
DA:18,1
DA:22,6
DA:24,5
DA:26,5
DA:27,1
DA:29,4
DA:30,4
DA:35,5
DA:36,4
DA:37,1
DA:39,3
DA:40,3
DA:41,4
DA:42,4
DA:43,3
DA:44,35
DA:46,3
DA:47,0
DA:49,3
DA:52,0
DA:53,0
DA:59,11
DA:60,2
DA:62,9
DA:65,1
DA:67,1
DA:68,1
DA:69,1
LF:32
LH:29
BRDA:13,0,0,0
BRDA:13,0,1,1
BRDA:17,1,0,0
BRDA:17,1,1,1
BRDA:22,2,0,1
BRDA:22,2,1,5
BRDA:26,3,0,1
BRDA:26,3,1,4
BRDA:35,4,0,1
BRDA:35,4,1,4
BRDA:36,5,0,1
BRDA:36,5,1,3
BRDA:42,6,0,1
BRDA:42,6,1,3
BRDA:46,7,0,0
BRDA:46,7,1,3
BRDA:59,8,0,2
BRDA:59,8,1,9
BRF:18
BRH:15
end_of_record
TN:
SF:sumOfPairs.js
FN:10,sumPairs
FNF:1
FNH:1
FNDA:8,sumPairs
DA:11,8
DA:12,8
DA:13,34
DA:14,34
DA:15,4
DA:17,30
DA:19,34
DA:20,34
DA:21,34
DA:22,13
DA:23,13
DA:24,7
DA:27,1
DA:30,1
LF:14
LH:14
BRDA:14,0,0,4
BRDA:14,0,1,30
BRDA:21,1,0,13
BRDA:21,1,1,21
BRDA:23,2,0,7
BRDA:23,2,1,6
BRF:6
BRH:6
end_of_record
