TN:
SF:arrayDifference.js
FN:1,(anonymous_0)
FN:2,(anonymous_1)
FNF:2
FNH:2
FNDA:3,(anonymous_0)
FNDA:10,(anonymous_1)
DA:1,1
DA:2,10
DA:5,1
LF:3
LH:3
BRF:0
BRH:0
end_of_record
TN:
SF:decomposeSquare.js
FN:3,decompose
FN:12,buildArray
FN:26,isDeadEnd
FN:53,validSequence
FN:60,hasInvalidDigit
FN:61,(anonymous_5)
FN:68,containsRepeats
FN:78,nextLowestValidDigit
FNF:8
FNH:8
FNDA:1,decompose
FNDA:3,buildArray
FNDA:6,isDeadEnd
FNDA:3,validSequence
FNDA:3,hasInvalidDigit
FNDA:11,(anonymous_5)
FNDA:1,containsRepeats
FNDA:8,nextLowestValidDigit
DA:1,1
DA:4,1
DA:5,1
DA:6,1
DA:8,1
DA:13,3
DA:15,2
DA:18,2
DA:19,0
DA:21,2
DA:22,2
DA:27,6
DA:28,4
DA:29,1
DA:31,3
DA:32,3
DA:33,8
DA:34,8
DA:35,6
DA:36,16
DA:38,6
DA:39,4
DA:41,2
DA:44,1
DA:45,1
DA:48,1
DA:54,3
DA:55,3
DA:57,0
DA:61,11
DA:62,2
DA:64,1
DA:69,1
DA:70,1
DA:71,3
DA:72,2
DA:74,0
DA:79,8
DA:80,4
DA:82,4
DA:88,1
DA:89,1
DA:90,1
DA:91,1
LF:44
LH:41
BRDA:13,0,0,1
BRDA:13,0,1,2
BRDA:18,1,0,0
BRDA:18,1,1,2
BRDA:27,2,0,2
BRDA:27,2,1,4
BRDA:28,3,0,1
BRDA:28,3,1,3
BRDA:34,4,0,2
BRDA:34,4,1,6
BRDA:38,5,0,4
BRDA:38,5,1,2
BRDA:54,6,0,3
BRDA:54,6,1,0
BRDA:54,7,0,3
BRDA:54,7,1,1
BRDA:61,8,0,2
BRDA:61,8,1,1
BRDA:71,9,0,1
BRDA:71,9,1,2
BRDA:79,10,0,4
BRDA:79,10,1,4
BRF:22
BRH:20
end_of_record
